Start testing: May 21 15:59 +07
----------------------------------------------------------
1/1 Testing: check_test
1/1 Test: check_test
Command: "/mnt/c/Users/Shaim/Desktop/Учеба/СибГути/Программирование/Семестр 2/palindrom/build/tests/test_check"
Directory: /mnt/c/Users/Shaim/Desktop/Учеба/СибГути/Программирование/Семестр 2/palindrom/build/tests
"check_test" start time: May 21 15:59 +07
Output:
----------------------------------------------------------
Результат: арозаупаланалапуазора
<end of output>
Test time =   0.04 sec
----------------------------------------------------------
Test Passed.
"check_test" end time: May 21 15:59 +07
"check_test" time elapsed: 00:00:00
----------------------------------------------------------

End testing: May 21 15:59 +07
